0 info it worked if it ends with ok
1 verbose cli [ '/usr/bin/node', '/usr/bin/npm', 'run', 'test' ]
2 info using npm@3.5.2
3 info using node@v8.10.0
4 verbose run-script [ 'pretest', 'test', 'posttest' ]
5 info lifecycle muber@1.0.0~pretest: muber@1.0.0
6 silly lifecycle muber@1.0.0~pretest: no script for pretest, continuing
7 info lifecycle muber@1.0.0~test: muber@1.0.0
8 verbose lifecycle muber@1.0.0~test: unsafe-perm in lifecycle true
9 verbose lifecycle muber@1.0.0~test: PATH: /usr/share/npm/bin/node-gyp-bin:/home/wkaczurba/git/the-complete-mongo/muber/node_modules/.bin:/usr/local/sbin:/usr/local/bin:/usr/sbin:/usr/bin:/sbin:/bin:/usr/games:/usr/local/games:/snap/bin
10 verbose lifecycle muber@1.0.0~test: CWD: /home/wkaczurba/git/the-complete-mongo/muber
11 silly lifecycle muber@1.0.0~test: Args: [ '-c',
11 silly lifecycle   'NODE_ENV= test nodemon --exec \'mocha --recursive -R min\'' ]
12 silly lifecycle muber@1.0.0~test: Returned: code: 2  signal: null
13 info lifecycle muber@1.0.0~test: Failed to exec test script
14 verbose stack Error: muber@1.0.0 test: `NODE_ENV= test nodemon --exec 'mocha --recursive -R min'`
14 verbose stack Exit status 2
14 verbose stack     at EventEmitter.<anonymous> (/usr/share/npm/lib/utils/lifecycle.js:232:16)
14 verbose stack     at emitTwo (events.js:126:13)
14 verbose stack     at EventEmitter.emit (events.js:214:7)
14 verbose stack     at ChildProcess.<anonymous> (/usr/share/npm/lib/utils/spawn.js:24:14)
14 verbose stack     at emitTwo (events.js:126:13)
14 verbose stack     at ChildProcess.emit (events.js:214:7)
14 verbose stack     at maybeClose (internal/child_process.js:925:16)
14 verbose stack     at Process.ChildProcess._handle.onexit (internal/child_process.js:209:5)
15 verbose pkgid muber@1.0.0
16 verbose cwd /home/wkaczurba/git/the-complete-mongo/muber
17 error Linux 4.18.0-16-generic
18 error argv "/usr/bin/node" "/usr/bin/npm" "run" "test"
19 error node v8.10.0
20 error npm  v3.5.2
21 error code ELIFECYCLE
22 error muber@1.0.0 test: `NODE_ENV= test nodemon --exec 'mocha --recursive -R min'`
22 error Exit status 2
23 error Failed at the muber@1.0.0 test script 'NODE_ENV= test nodemon --exec 'mocha --recursive -R min''.
23 error Make sure you have the latest version of node.js and npm installed.
23 error If you do, this is most likely a problem with the muber package,
23 error not with npm itself.
23 error Tell the author that this fails on your system:
23 error     NODE_ENV= test nodemon --exec 'mocha --recursive -R min'
23 error You can get information on how to open an issue for this project with:
23 error     npm bugs muber
23 error Or if that isn't available, you can get their info via:
23 error     npm owner ls muber
23 error There is likely additional logging output above.
24 verbose exit [ 1, true ]
